00:21:39 - LCD - condor l4 - Not available
00:24:34 - LCD - condor l4 - Not available
00:35:40 - LCD - CONDOR Lcd Condor L4 Org - Not available
00:38:28 - LCD - CONDOR Lcd Condor L4 Org - Not available
00:42:35 - Battery - LG Lg V10 - Not available
00:55:21 - LCD - CONDOR Lcd Condor L4 Org - Available
00:56:02 - Battery - LG Lg V10 - Available
01:11:45 - Glass - s9 + - Not available
01:12:04 - Glass - SAMSUNG Samsung S9+ - Not available
01:12:51 - LCD - WIKO Wiko Jerry 2 - Available
01:15:20 - LCD - OPPO Lcd Oppo F9 Org Sersou - Available
01:16:06 - LCD - IPHONE Lcd Iphone X Gx - Available
15:06:56 - SERSOU - OPPO Sersou Oppo A53 - Not available
15:17:31 - SERSOU - oppo a53 - Not available
15:21:56 - SERSOU - OPPO Sersou Oppo A53 - Not available
15:22:24 - SERSOU - oppo a53 - Not available
15:22:38 - SERSOU - oppo a53 - Not available
15:24:56 - SERSOU - OPPO Sersou Oppo A53S - Not available
15:25:41 - LCD - IPHONE Lcd Iphone 11 Org - Available
15:27:39 - LCD - iphone 12 - Not available
15:28:00 - LCD - IPHONE Iphone Xr - Available
15:28:52 - LCD - SAMSUNG Samsung A03 - Available
15:29:15 - LCD - SAMSUNG Samsung A03 Core - Available
15:31:48 - LCD - WIKO Jerry 2 - Available
15:33:45 - LCD - IPHONE Lcd Iphone Xs Gx Oled Org - Not available
15:33:46 - select::LCD IPHONE XS GX OLED ORG - IPHONE Lcd Iphone Xs Gx Oled Org - Not available
15:34:10 - LCD - IPHONE Iphone Xs Max - Not available
19:09:42 - LCD - lcd a12 - Not available
19:09:59 - LCD - OPPO Lcd Oppo A5S A12 A11K - Available
19:10:16 - select::LCD OPPO A5S A12 A11K - p30 pro - Not available
19:10:24 - LCD - P30 Pro - Not available
19:10:46 - LCD - hxjx - Not available
19:11:08 - Connector - SAMSUNG Cc Samsung A12 Ic Org - Available
19:16:42 - LCD - jerry2 - Not available
19:16:54 - LCD - WIKO Jerry 2 - Available
