15:22:43 - LCD - a15 - Not available
15:22:59 - LCD - OPPO A15 - Available
15:35:01 - LCD - Samsung A15 - Available
15:35:05 - LCD - Samsung A15 - Available
15:37:11 - LCD - Samsung A15 - Available
15:39:17 - LCD - s21 - Not available
15:39:31 - LCD - OPPO A15 - Available
15:44:15 - LCD - OPPO A15 - Available
15:52:59 - LCD - Samsung A15 - Available
15:59:49 - LCD - iPhone 11 - Available
16:04:34 - LCD - iPhone 11 - Available
16:10:02 - LCD - iPhone 11 - Available
16:12:53 - LCD - iPhone 11 - Available
16:13:08 - LCD - Samsung A15 - Available
16:18:10 - LCD - OPPO A15 - Available
16:21:26 - LCD - OPPO A15 - Available
16:21:38 - Battery - iPhone 11 - Available
16:23:14 - LCD - Samsung A15 - Available
16:23:34 - Glass - Samsung S21 - Not available
16:27:35 - LCD - s21 - Not available
16:41:54 - LCD - OPPO A10s - Available
16:42:14 - LCD - Samsung S21 - Not available
16:42:25 - LCD - iPhone Xr - Available
16:43:14 - LCD - note8 - Not available
16:43:36 - LCD - Samsung Note 8 - Available
16:44:15 - LCD - Redmi Note 8 - Available
16:51:51 - LCD - OPPO Reno 5  - Available
21:02:56 - LCD - iPhone Xr iPhone 11Pro - Available
21:08:36 - LCD - xr - Available
21:09:02 - LCD - 11pro - Available
21:13:35 - LCD - Xr - Available
21:14:02 - LCD - 11Pro - Available
21:14:54 - LCD - Samsung A15 - Available
21:15:23 - LCD - reno 5 5g - Not available
21:19:41 - LCD - A20s - Available
21:19:58 - LCD - oppo reno 5 5g - Not available
21:20:12 - LCD - Reno 5 - Available
21:20:30 - LCD - 11Pro - Available
21:20:52 - LCD - iPhone 11 - Available
21:21:27 - LCD - iPhone 11 - Available
