20:50:17 - LCD - reno 5 5g - Not available
20:50:26 - LCD - 11Pro - Available
20:50:41 - LCD - oppo reno 5 - Not available
20:51:01 - LCD - oppo reno 5 5g - Not available
21:03:41 - LCD - Reno - Available
21:05:26 - LCD - Reno - Available
21:05:45 - LCD - A20s - Available
21:06:19 - LCD - M20 - Available
21:07:09 - LCD - A20s - Available
21:07:49 - LCD - A20s - Available
21:08:15 - LCD - A20s - Available
21:15:00 - LCD - A20s - Available
21:22:03 - LCD - Unknown A20s - Available
21:24:47 - LCD - Samsung Samsung A20 A20s M20 - Available
21:25:03 - LCD - reno 5 - Not available
21:30:50 - LCD - SAMSUNG Samsung A20 A20s M20 - Available
21:31:10 - LCD - OPPO OPPO Reno 5 OPPO Reno 5 5G - Available
21:36:57 - LCD - SAMSUNG A20S - Available
21:37:13 - LCD - OPPO Reno 5 - Available
21:37:25 - LCD - OPPO Reno 5 5G - Available
21:37:33 - LCD - IPHONE Xr - Available
21:37:45 - LCD - SAMSUNG M20 - Available
21:38:04 - LCD - SAMSUNG Galaxy Note 8 - Available
21:43:59 - LCD - OPPO A20S - Available
21:44:10 - LCD - OPPO Reno 5 5G - Available
21:44:33 - LCD - SAMSUNG Note 8 - Available
21:45:36 - LCD - IPHONE 11Pro - Available
21:48:12 - LCD - SAMSUNG M20 - Available
21:48:22 - LCD - IPHONE Xr - Available
21:48:30 - LCD - OPPO Reno 4 - Available
21:48:56 - LCD - samsng a20 - Not available
21:52:31 - LCD - SAMSUNG Samsung A20 - Available
21:52:50 - LCD - SAMSUNG A20S - Available
22:04:50 - LCD - SAMSUNG A20S - Available
22:05:22 - LCD - SAMSUNG Galaxy Note 8 - Available
